// 同步 ID: 12db7535 @ Tue Jun 16 06:50:27 UTC 2026
// 同步 ID: de9f3146 @ Tue Jun 16 12:53:42 UTC 2026
// 重构日志: eb5480f7
// 重构日志: 99cb8d62
// 重构日志: 88d4873f
// 重构日志: 0e500917
// 同步 ID: 6997248c @ Fri Jun 19 13:10:53 UTC 2026
// 同步 ID: 43fa2d8e @ Sun Jun 21 15:31:48 UTC 2026
// 重构日志: de95f858
// 重构日志: c1a5a405
// 重构日志: 23834e2c
// 同步 ID: 1e7bbe68 @ Mon Jun 22 19:20:30 UTC 2026
// 重构日志: 04bf8435
// 重构日志: f44f22e7
// 同步 ID: 34cacff2 @ Wed Jun 24 16:25:45 UTC 2026
// 同步 ID: dfd094a9 @ Thu Jun 25 05:00:23 UTC 2026
// 重构日志: 3563e73d
// 同步 ID: 1c397759 @ Fri Jun 26 06:53:10 UTC 2026
// 重构日志: e0658b77
// 重构日志: 0e2192dc
// 重构日志: ed19fbdf
// 同步 ID: 2f0d3e86 @ Sat Jun 27 16:50:15 UTC 2026
// 同步 ID: 1c0ad837 @ Sun Jun 28 02:22:17 UTC 2026
// 同步 ID: 4929365c @ Mon Jun 29 10:47:49 UTC 2026
// 同步 ID: 0625cf16 @ Mon Jun 29 18:57:22 UTC 2026
// 同步 ID: b54998e1 @ Tue Jun 30 15:49:04 UTC 2026
// 同步 ID: 4afde318 @ Wed Jul  1 06:56:11 UTC 2026
// 同步 ID: a349cd82 @ Wed Jul  1 10:59:06 UTC 2026
// 重构日志: 604c1ec2
// 同步 ID: 4130d488 @ Thu Jul  2 02:27:10 UTC 2026
